2018-04-09 15:07:55.724 ERROR ASP.weixinzf_webform1_aspx: This page have not get params, cannot be inited, exit...
2018-04-09 15:09:31.455 ERROR ASP.weixinzf_webform1_aspx: This page have not get params, cannot be inited, exit...
2018-04-09 15:17:18.131 ERROR Webz.Weixinzf.JsApiPay: UnifiedOrder response error!
2018-04-09 15:27:36.349 ERROR ASP.weixinzf_webform1_aspx: This page have not get params, cannot be inited, exit...
2018-04-09 15:27:42.931 ERROR Webz.Weixinzf.JsApiPay: UnifiedOrder response error!
2018-04-09 15:27:45.082 ERROR Webz.Weixinzf.JsApiPay: UnifiedOrder response error!
2018-04-09 15:27:46.183 ERROR Webz.Weixinzf.JsApiPay: UnifiedOrder response error!
2018-04-09 15:27:50.021 ERROR Webz.Weixinzf.JsApiPay: UnifiedOrder response error!
2018-04-09 15:29:15.573 ERROR Webz.Weixinzf.JsApiPay: UnifiedOrder response error!
2018-04-09 15:29:58.224 ERROR Webz.Weixinzf.JsApiPay: UnifiedOrder response error!
2018-04-09 15:30:24.073 ERROR Webz.Weixinzf.JsApiPay: UnifiedOrder response error!
2018-04-09 15:37:07.939 ERROR HttpService: System.Net.WebException: 操作超时
   在 System.Net.HttpWebRequest.GetResponse()
   在 Webz.Weixinzf.HttpService.Post(String xml, String url, Boolean isUseCert, Int32 timeout) 位置 e:\8.lzs\111\Webz\Webz\Weixinzf\HttpService.cs:行号 70
2018-04-09 15:38:59.265 ERROR Webz.Weixinzf.JsApiPay: UnifiedOrder response error!
2018-04-09 15:59:23.476 ERROR ASP.weixinzf_webform1_aspx: This page have not get params, cannot be inited, exit...
2018-04-09 16:00:51.697 ERROR ASP.weixinzf_webform1_aspx: This page have not get params, cannot be inited, exit...
2018-04-09 16:01:26.018 ERROR ASP.weixinzf_webform1_aspx: This page have not get params, cannot be inited, exit...
2018-04-09 16:01:45.431 ERROR ASP.weixinzf_webform1_aspx: This page have not get params, cannot be inited, exit...
2018-04-09 16:02:01.993 ERROR Webz.Weixinzf.JsApiPay: UnifiedOrder response error!
2018-04-09 16:02:41.744 ERROR Webz.Weixinzf.JsApiPay: UnifiedOrder response error!
